<?xml version="1.0" encoding="UTF-8"?>
<testsuite name="hello.core.singleton.ConfigurationSingletonTest" tests="2" skipped="0" failures="0" errors="0" timestamp="2022-01-28T11:54:29" hostname="Macbookui-MacBookPro.local" time="0.025">
  <properties/>
  <testcase name="configurationDeep()" classname="hello.core.singleton.ConfigurationSingletonTest" time="0.012"/>
  <testcase name="configurationTest()" classname="hello.core.singleton.ConfigurationSingletonTest" time="0.012"/>
  <system-out><![CDATA[call AppConfig.memberService
call AppConfig.memberRepository
call AppConfig.orderService
bean = class hello.core.AppConfig$$EnhancerBySpringCGLIB$$f1f4ee81
call AppConfig.memberService
call AppConfig.memberRepository
call AppConfig.orderService
memberService -> memberRepository = hello.core.member.MemoryMemberRepository@6b02c3c4
orderService -> memberRepository = hello.core.member.MemoryMemberRepository@6b02c3c4
memberRepository = hello.core.member.MemoryMemberRepository@6b02c3c4
]]></system-out>
  <system-err><![CDATA[]]></system-err>
</testsuite>
