<?xml version="1.0" encoding="UTF-8"?>
<testsuite name="hello.core.beanfind.ApplicationContextBasicFindTest" tests="4" skipped="0" failures="0" errors="0" timestamp="2022-01-28T11:54:28" hostname="Macbookui-MacBookPro.local" time="0.03">
  <properties/>
  <testcase name="구체 타으로 조회" classname="hello.core.beanfind.ApplicationContextBasicFindTest" time="0.001"/>
  <testcase name="빈 이름으로 조회X" classname="hello.core.beanfind.ApplicationContextBasicFindTest" time="0.006"/>
  <testcase name="빈 이름으로 조회" classname="hello.core.beanfind.ApplicationContextBasicFindTest" time="0.001"/>
  <testcase name="이름 없이 타입으로만 조회" classname="hello.core.beanfind.ApplicationContextBasicFindTest" time="0.001"/>
  <system-out><![CDATA[call AppConfig.memberService
call AppConfig.memberRepository
call AppConfig.orderService
memberService = hello.core.member.MemberServiceImpl@680f4ae7
memberService.getClass() = class hello.core.member.MemberServiceImpl
call AppConfig.memberService
call AppConfig.memberRepository
call AppConfig.orderService
call AppConfig.memberService
call AppConfig.memberRepository
call AppConfig.orderService
memberService = hello.core.member.MemberServiceImpl@4aa20aac
memberService.getClass() = class hello.core.member.MemberServiceImpl
call AppConfig.memberService
call AppConfig.memberRepository
call AppConfig.orderService
memberService = hello.core.member.MemberServiceImpl@3bbf850b
memberService.getClass() = class hello.core.member.MemberServiceImpl
]]></system-out>
  <system-err><![CDATA[]]></system-err>
</testsuite>
