<?xml version="1.0" encoding="UTF-8"?>
<testsuite name="hello.core.singleton.ConfigurationSingletonTest" tests="2" skipped="0" failures="0" errors="0" timestamp="2022-01-28T13:38:26" hostname="Macbookui-MacBookPro.local" time="0.018">
  <properties/>
  <testcase name="configurationDeep()" classname="hello.core.singleton.ConfigurationSingletonTest" time="0.009"/>
  <testcase name="configurationTest()" classname="hello.core.singleton.ConfigurationSingletonTest" time="0.009"/>
  <system-out><![CDATA[call AppConfig.memberService
call AppConfig.memberRepository
call AppConfig.orderService
bean = class hello.core.AppConfig$$EnhancerBySpringCGLIB$$4a889912
call AppConfig.memberService
call AppConfig.memberRepository
call AppConfig.orderService
memberService -> memberRepository = hello.core.member.MemoryMemberRepository@1cae5759
orderService -> memberRepository = hello.core.member.MemoryMemberRepository@1cae5759
memberRepository = hello.core.member.MemoryMemberRepository@1cae5759
]]></system-out>
  <system-err><![CDATA[]]></system-err>
</testsuite>
