<?xml version="1.0" encoding="UTF-8"?>
<testsuite name="hello.core.beanfind.ApplicationContextSameBeanFindTest" tests="3" skipped="0" failures="0" errors="0" timestamp="2022-01-28T11:54:29" hostname="Macbookui-MacBookPro.local" time="0.015">
  <properties/>
  <testcase name="타입으로 조회시 같은 타입이 둘 이상 있으면, 중복 오류가 발생한다." classname="hello.core.beanfind.ApplicationContextSameBeanFindTest" time="0.001"/>
  <testcase name="특정 타입을 모두 조회하기" classname="hello.core.beanfind.ApplicationContextSameBeanFindTest" time="0.001"/>
  <testcase name="타입으로 조회시 같은 타입이 둘 이상 있으면, 빈 이름을 지정하면 된다." classname="hello.core.beanfind.ApplicationContextSameBeanFindTest" time="0.0"/>
  <system-out><![CDATA[key = memberRepository1valuehello.core.member.MemoryMemberRepository@13d85ddb
key = memberRepository2valuehello.core.member.MemoryMemberRepository@11f63b10
beansOfType = {memberRepository1=hello.core.member.MemoryMemberRepository@13d85ddb, memberRepository2=hello.core.member.MemoryMemberRepository@11f63b10}
]]></system-out>
  <system-err><![CDATA[]]></system-err>
</testsuite>
