<?xml version="1.0" encoding="UTF-8"?>
<testsuite name="hello.core.beandefinition.BeanDefinitionTest" tests="1" skipped="0" failures="0" errors="0" timestamp="2022-01-28T13:38:25" hostname="Macbookui-MacBookPro.local" time="0.012">
  <properties/>
  <testcase name="빈 설정 메타정보 확인" classname="hello.core.beandefinition.BeanDefinitionTest" time="0.012"/>
  <system-out><![CDATA[call AppConfig.memberService
call AppConfig.memberRepository
call AppConfig.orderService
beanDefinitionNameappConfig beanDefinition = Generic bean: class [hello.core.AppConfig$$EnhancerBySpringCGLIB$$4a889912]; scope=singleton; abstract=false; lazyInit=null; autowireMode=0; dependencyCheck=0; autowireCandidate=true; primary=false; factoryBeanName=null; factoryMethodName=null; initMethodName=null; destroyMethodName=null
beanDefinitionNamememberService beanDefinition = Root bean: class [null]; scope=; abstract=false; lazyInit=null; autowireMode=3; dependencyCheck=0; autowireCandidate=true; primary=false; factoryBeanName=appConfig; factoryMethodName=memberService; initMethodName=null; destroyMethodName=(inferred); defined in hello.core.AppConfig
beanDefinitionNamememberRepository beanDefinition = Root bean: class [null]; scope=; abstract=false; lazyInit=null; autowireMode=3; dependencyCheck=0; autowireCandidate=true; primary=false; factoryBeanName=appConfig; factoryMethodName=memberRepository; initMethodName=null; destroyMethodName=(inferred); defined in hello.core.AppConfig
beanDefinitionNameorderService beanDefinition = Root bean: class [null]; scope=; abstract=false; lazyInit=null; autowireMode=3; dependencyCheck=0; autowireCandidate=true; primary=false; factoryBeanName=appConfig; factoryMethodName=orderService; initMethodName=null; destroyMethodName=(inferred); defined in hello.core.AppConfig
beanDefinitionNamediscountPolicy beanDefinition = Root bean: class [null]; scope=; abstract=false; lazyInit=null; autowireMode=3; dependencyCheck=0; autowireCandidate=true; primary=false; factoryBeanName=appConfig; factoryMethodName=discountPolicy; initMethodName=null; destroyMethodName=(inferred); defined in hello.core.AppConfig
]]></system-out>
  <system-err><![CDATA[]]></system-err>
</testsuite>
