<?xml version="1.0" encoding="UTF-8"?>
<testsuite name="hello.core.singleton.SingletonTest" tests="3" skipped="0" failures="0" errors="0" timestamp="2022-01-28T11:54:29" hostname="Macbookui-MacBookPro.local" time="0.048">
  <properties/>
  <testcase name="스프링 없는 순수한 DI 컨테이너" classname="hello.core.singleton.SingletonTest" time="0.006"/>
  <testcase name="싱글톤 패턴을 적용한 객체 사용" classname="hello.core.singleton.SingletonTest" time="0.002"/>
  <testcase name="스프링 컨테이너와 싱글톤" classname="hello.core.singleton.SingletonTest" time="0.04"/>
  <system-out><![CDATA[call AppConfig.memberService
call AppConfig.memberRepository
call AppConfig.memberService
call AppConfig.memberRepository
memberService1 = hello.core.member.MemberServiceImpl@647f789d
memberService2 = hello.core.member.MemberServiceImpl@7d028b1d
singletonService1 = hello.core.singleton.SingletonService@28c832a9
singletonService2 = hello.core.singleton.SingletonService@28c832a9
call AppConfig.memberService
call AppConfig.memberRepository
call AppConfig.orderService
memberService1 = hello.core.member.MemberServiceImpl@3cfc0190
memberService2 = hello.core.member.MemberServiceImpl@3cfc0190
]]></system-out>
  <system-err><![CDATA[]]></system-err>
</testsuite>
