<?xml version="1.0" encoding="UTF-8"?>
<testsuite name="hello.core.autowired.AllBeanTest" tests="1" skipped="0" failures="0" errors="0" timestamp="2022-01-28T13:38:25" hostname="Macbookui-MacBookPro.local" time="0.199">
  <properties/>
  <testcase name="findAllBean()" classname="hello.core.autowired.AllBeanTest" time="0.199"/>
  <system-out><![CDATA[policyMap = {fixDiscountPolicy=hello.core.discount.FixDiscountPolicy@65bc66bb, rateDiscountPolicy=hello.core.discount.RateDiscountPolicy@3de64145}
policies = [hello.core.discount.FixDiscountPolicy@65bc66bb, hello.core.discount.RateDiscountPolicy@3de64145]
]]></system-out>
  <system-err><![CDATA[]]></system-err>
</testsuite>
