<?xml version="1.0" encoding="UTF-8"?>
<testsuite name="hello.core.beanfind.ApplicationContextBasicFindTest" tests="4" skipped="0" failures="0" errors="0" timestamp="2022-01-28T13:38:25" hostname="Macbookui-MacBookPro.local" time="0.07">
  <properties/>
  <testcase name="구체 타으로 조회" classname="hello.core.beanfind.ApplicationContextBasicFindTest" time="0.002"/>
  <testcase name="빈 이름으로 조회X" classname="hello.core.beanfind.ApplicationContextBasicFindTest" time="0.021"/>
  <testcase name="빈 이름으로 조회" classname="hello.core.beanfind.ApplicationContextBasicFindTest" time="0.002"/>
  <testcase name="이름 없이 타입으로만 조회" classname="hello.core.beanfind.ApplicationContextBasicFindTest" time="0.002"/>
  <system-out><![CDATA[call AppConfig.memberService
call AppConfig.memberRepository
call AppConfig.orderService
memberService = hello.core.member.MemberServiceImpl@7defd5f5
memberService.getClass() = class hello.core.member.MemberServiceImpl
call AppConfig.memberService
call AppConfig.memberRepository
call AppConfig.orderService
call AppConfig.memberService
call AppConfig.memberRepository
call AppConfig.orderService
memberService = hello.core.member.MemberServiceImpl@4f4af8ef
memberService.getClass() = class hello.core.member.MemberServiceImpl
call AppConfig.memberService
call AppConfig.memberRepository
call AppConfig.orderService
memberService = hello.core.member.MemberServiceImpl@3f896e00
memberService.getClass() = class hello.core.member.MemberServiceImpl
]]></system-out>
  <system-err><![CDATA[]]></system-err>
</testsuite>
